2019-11-27 14:19:21,786  INFO Version:21 - HV000001: Hibernate Validator 6.0.18.Final
2019-11-27 14:19:22,216  INFO JdbcApplication:55 - Starting JdbcApplication on LIUYONGX10 with PID 4328 (C:\JAVA_learn\Java-practice\practices\file\target\classes started by liuyongx in C:\JAVA_learn\Java-practice\practices\file)
2019-11-27 14:19:22,222 DEBUG JdbcApplication:56 - Running with Spring Boot v2.2.1.RELEASE, Spring v5.2.1.RELEASE
2019-11-27 14:19:22,223  INFO JdbcApplication:651 - No active profile set, falling back to default profiles: default
2019-11-27 14:19:24,554  INFO TomcatWebServer:92 - Tomcat initialized with port(s): 8080 (http)
2019-11-27 14:19:24,807  INFO ContextLoader:284 - Root WebApplicationContext: initialization completed in 2466 ms
2019-11-27 14:19:25,110  INFO ThreadPoolTaskExecutor:171 - Initializing ExecutorService 'applicationTaskExecutor'
2019-11-27 14:19:25,445  INFO TomcatWebServer:204 - Tomcat started on port(s): 8080 (http) with context path ''
2019-11-27 14:19:25,452  INFO JdbcApplication:61 - Started JdbcApplication in 3.919 seconds (JVM running for 4.82)
2019-11-27 14:19:31,752  INFO DispatcherServlet:525 - Initializing Servlet 'dispatcherServlet'
2019-11-27 14:19:31,768  INFO DispatcherServlet:547 - Completed initialization in 15 ms
2019-11-27 14:24:02,798  INFO Version:21 - HV000001: Hibernate Validator 6.0.18.Final
2019-11-27 14:24:03,203  INFO JdbcApplication:55 - Starting JdbcApplication on LIUYONGX10 with PID 17288 (C:\JAVA_learn\Java-practice\practices\file\target\classes started by liuyongx in C:\JAVA_learn\Java-practice\practices\file)
2019-11-27 14:24:03,207 DEBUG JdbcApplication:56 - Running with Spring Boot v2.2.1.RELEASE, Spring v5.2.1.RELEASE
2019-11-27 14:24:03,208  INFO JdbcApplication:651 - No active profile set, falling back to default profiles: default
2019-11-27 14:24:05,930  INFO TomcatWebServer:92 - Tomcat initialized with port(s): 8080 (http)
2019-11-27 14:24:06,180  INFO ContextLoader:284 - Root WebApplicationContext: initialization completed in 2853 ms
2019-11-27 14:24:06,513  INFO ThreadPoolTaskExecutor:171 - Initializing ExecutorService 'applicationTaskExecutor'
2019-11-27 14:24:06,855  INFO TomcatWebServer:204 - Tomcat started on port(s): 8080 (http) with context path ''
2019-11-27 14:24:06,861  INFO JdbcApplication:61 - Started JdbcApplication in 4.299 seconds (JVM running for 5.2)
2019-11-27 14:24:21,693  INFO DispatcherServlet:525 - Initializing Servlet 'dispatcherServlet'
2019-11-27 14:24:21,715  INFO DispatcherServlet:547 - Completed initialization in 21 ms
2019-11-27 16:56:26,686  INFO Version:21 - HV000001: Hibernate Validator 6.0.18.Final
2019-11-27 16:56:27,158  INFO JdbcApplication:55 - Starting JdbcApplication on LIUYONGX10 with PID 14200 (C:\JAVA_learn\Java-practice\practices\file\target\classes started by liuyongx in C:\JAVA_learn\Java-practice\practices\file)
2019-11-27 16:56:27,160 DEBUG JdbcApplication:56 - Running with Spring Boot v2.2.1.RELEASE, Spring v5.2.1.RELEASE
2019-11-27 16:56:27,162  INFO JdbcApplication:651 - No active profile set, falling back to default profiles: default
2019-11-27 16:56:29,621  INFO TomcatWebServer:92 - Tomcat initialized with port(s): 8080 (http)
2019-11-27 16:56:29,861  INFO ContextLoader:284 - Root WebApplicationContext: initialization completed in 2299 ms
2019-11-27 16:56:30,163  INFO ThreadPoolTaskExecutor:171 - Initializing ExecutorService 'applicationTaskExecutor'
2019-11-27 16:56:30,519  INFO TomcatWebServer:204 - Tomcat started on port(s): 8080 (http) with context path ''
2019-11-27 16:56:30,523  INFO JdbcApplication:61 - Started JdbcApplication in 4.107 seconds (JVM running for 5.072)
2019-11-27 16:56:34,181  INFO DispatcherServlet:525 - Initializing Servlet 'dispatcherServlet'
2019-11-27 16:56:34,196  INFO DispatcherServlet:547 - Completed initialization in 15 ms
2019-11-27 16:56:52,792  INFO Version:21 - HV000001: Hibernate Validator 6.0.18.Final
2019-11-27 16:56:53,226  INFO JdbcApplication:55 - Starting JdbcApplication on LIUYONGX10 with PID 18140 (C:\JAVA_learn\Java-practice\practices\file\target\classes started by liuyongx in C:\JAVA_learn\Java-practice\practices\file)
2019-11-27 16:56:53,239 DEBUG JdbcApplication:56 - Running with Spring Boot v2.2.1.RELEASE, Spring v5.2.1.RELEASE
2019-11-27 16:56:53,240  INFO JdbcApplication:651 - No active profile set, falling back to default profiles: default
2019-11-27 16:56:55,828  INFO TomcatWebServer:92 - Tomcat initialized with port(s): 8080 (http)
2019-11-27 16:56:56,097  INFO ContextLoader:284 - Root WebApplicationContext: initialization completed in 2746 ms
2019-11-27 16:56:56,436  INFO ThreadPoolTaskExecutor:171 - Initializing ExecutorService 'applicationTaskExecutor'
2019-11-27 16:56:56,778  INFO TomcatWebServer:204 - Tomcat started on port(s): 8080 (http) with context path ''
2019-11-27 16:56:56,782  INFO JdbcApplication:61 - Started JdbcApplication in 4.239 seconds (JVM running for 5.25)
2019-11-27 16:56:59,157  INFO DispatcherServlet:525 - Initializing Servlet 'dispatcherServlet'
2019-11-27 16:56:59,174  INFO DispatcherServlet:547 - Completed initialization in 17 ms
2019-11-27 17:06:54,854  INFO Version:21 - HV000001: Hibernate Validator 6.0.18.Final
2019-11-27 17:06:55,221  INFO JdbcApplication:55 - Starting JdbcApplication on LIUYONGX10 with PID 5020 (C:\JAVA_learn\Java-practice\practices\file\target\classes started by liuyongx in C:\JAVA_learn\Java-practice\practices\file)
2019-11-27 17:06:55,226 DEBUG JdbcApplication:56 - Running with Spring Boot v2.2.1.RELEASE, Spring v5.2.1.RELEASE
2019-11-27 17:06:55,230  INFO JdbcApplication:651 - No active profile set, falling back to default profiles: default
2019-11-27 17:06:57,451  INFO TomcatWebServer:92 - Tomcat initialized with port(s): 8080 (http)
2019-11-27 17:06:57,689  INFO ContextLoader:284 - Root WebApplicationContext: initialization completed in 2348 ms
2019-11-27 17:06:57,985  INFO ThreadPoolTaskExecutor:171 - Initializing ExecutorService 'applicationTaskExecutor'
2019-11-27 17:06:58,320  INFO TomcatWebServer:204 - Tomcat started on port(s): 8080 (http) with context path ''
2019-11-27 17:06:58,325  INFO JdbcApplication:61 - Started JdbcApplication in 3.686 seconds (JVM running for 4.469)
2019-11-27 17:07:05,689  INFO DispatcherServlet:525 - Initializing Servlet 'dispatcherServlet'
2019-11-27 17:07:05,702  INFO DispatcherServlet:547 - Completed initialization in 12 ms
2019-11-27 17:07:49,313  INFO Version:21 - HV000001: Hibernate Validator 6.0.18.Final
2019-11-27 17:07:49,683  INFO JdbcApplication:55 - Starting JdbcApplication on LIUYONGX10 with PID 16092 (C:\JAVA_learn\Java-practice\practices\file\target\classes started by liuyongx in C:\JAVA_learn\Java-practice\practices\file)
2019-11-27 17:07:49,689 DEBUG JdbcApplication:56 - Running with Spring Boot v2.2.1.RELEASE, Spring v5.2.1.RELEASE
2019-11-27 17:07:49,690  INFO JdbcApplication:651 - No active profile set, falling back to default profiles: default
2019-11-27 17:07:51,828  INFO TomcatWebServer:92 - Tomcat initialized with port(s): 8080 (http)
2019-11-27 17:07:52,048  INFO ContextLoader:284 - Root WebApplicationContext: initialization completed in 2237 ms
2019-11-27 17:07:52,316  INFO ThreadPoolTaskExecutor:171 - Initializing ExecutorService 'applicationTaskExecutor'
2019-11-27 17:07:52,627  INFO TomcatWebServer:204 - Tomcat started on port(s): 8080 (http) with context path ''
2019-11-27 17:07:52,630  INFO JdbcApplication:61 - Started JdbcApplication in 3.538 seconds (JVM running for 4.343)
2019-11-27 17:07:54,602  INFO DispatcherServlet:525 - Initializing Servlet 'dispatcherServlet'
2019-11-27 17:07:54,624  INFO DispatcherServlet:547 - Completed initialization in 20 ms
